#
# There is insufficient memory for the Java Runtime Environment to continue.
# Native memory allocation (mmap) failed to map 536870912 bytes for G1 virtual space
# Possible reasons:
#   The system is out of physical RAM or swap space
#   The process is running with CompressedOops enabled, and the Java Heap may be blocking the growth of the native heap
# Possible solutions:
#   Reduce memory load on the system
#   Increase physical memory or swap space
#   Check if swap backing store is full
#   Decrease Java heap size (-Xmx/-Xms)
#   Decrease number of Java threads
#   Decrease Java thread stack sizes (-Xss)
#   Set larger code cache with -XX:ReservedCodeCacheSize=
#   JVM is running with Zero Based Compressed Oops mode in which the Java heap is
#     placed in the first 32GB address space. The Java Heap base address is the
#     maximum limit for the native heap growth. Please use -XX:HeapBaseMinAddress
#     to set the Java Heap base and to place the Java Heap above 32GB virtual address.
# This output file may be truncated or incomplete.
#
#  Out of Memory Error (os_windows.cpp:3604), pid=28296, tid=20484
#
# JRE version:  (21.0.11+9) (build )
# Java VM: Java HotSpot(TM) 64-Bit Server VM (21.0.11+9-LTS-211, mixed mode, sharing, tiered, compressed oops, compressed class ptrs, g1 gc, windows-amd64)
# No core dump will be written. Minidumps are not enabled by default on client versions of Windows
#

---------------  S U M M A R Y ------------

Command Line: -ea -XX:+ShowCodeDetailsInExceptionMessages -Dfile.encoding=UTF-8 org.eclipse.jdt.internal.junit.runner.RemoteTestRunner -version 3 -port 61670 -testLoaderClass org.eclipse.jdt.internal.junit6.runner.JUnit6TestLoader -loaderpluginname org.eclipse.jdt.junit6.runtime -testNameFile C:\Users\ivanl\AppData\Local\Temp\testNames6223548790673366493.txt

Host: AMD Ryzen 7 5800X 8-Core Processor             , 16 cores, 31G,  Windows 11 , 64 bit Build 26100 (10.0.26100.8328)
Time: Mon May 25 21:14:47 2026 Hora est. Sudamérica Pacífico elapsed time: 1.122725 seconds (0d 0h 0m 1s)

---------------  T H R E A D  ---------------

Current thread (0x000001a0203ad7a0):  JavaThread "Unknown thread" [_thread_in_vm, id=20484, stack(0x000000585dd00000,0x000000585de00000) (1024K)]

Stack: [0x000000585dd00000,0x000000585de00000]
Native frames: (J=compiled Java code, j=interpreted, Vv=VM code, C=native code)
V  [jvm.dll+0x6d0ef9]
V  [jvm.dll+0x860126]
V  [jvm.dll+0x86261e]
V  [jvm.dll+0x862cf3]
V  [jvm.dll+0x282bc6]
V  [jvm.dll+0x6cd7a5]
V  [jvm.dll+0x6c232a]
V  [jvm.dll+0x35bfb8]
V  [jvm.dll+0x363c76]
V  [jvm.dll+0x3b4d8e]
V  [jvm.dll+0x3b5038]
V  [jvm.dll+0x32fa6c]
V  [jvm.dll+0x3305c1]
V  [jvm.dll+0x82a10e]
V  [jvm.dll+0x3c1d21]
V  [jvm.dll+0x812fda]
V  [jvm.dll+0x454701]
V  [jvm.dll+0x456151]
C  [jli.dll+0x5310]
C  [ucrtbase.dll+0x37b0]
C  [KERNEL32.DLL+0x2e957]
C  [ntdll.dll+0x427c]


---------------  P R O C E S S  ---------------

Threads class SMR info:
_java_thread_list=0x00007ff89a6d9c88, length=0, elements={
}

Java Threads: ( => current thread )
Total: 0

Other Threads:
  0x000001a020415700 WorkerThread "GC Thread#0"                     [id=29684, stack(0x000000585de00000,0x000000585df00000) (1024K)]
  0x000001a020427ba0 ConcurrentGCThread "G1 Main Marker"            [id=26700, stack(0x000000585df00000,0x000000585e000000) (1024K)]
  0x000001a0204285c0 WorkerThread "G1 Conc#0"                       [id=16796, stack(0x000000585e000000,0x000000585e100000) (1024K)]

[error occurred during error reporting (printing all threads), id 0xc0000005, EXCEPTION_ACCESS_VIOLATION (0xc0000005) at pc=0x00007ff899e426f7]
VM state: not at safepoint (not fully initialized)

VM Mutex/Monitor currently owned by a thread:  ([mutex/lock_event])
[0x00007ff89a74b050] Heap_lock - owner thread: 0x000001a0203ad7a0

Heap address: 0x0000000601000000, size: 8176 MB, Compressed Oops mode: Zero based, Oop shift amount: 3

CDS archive(s) mapped at: [0x0000000000000000-0x0000000000000000-0x0000000000000000), size 0, SharedBaseAddress: 0x0000000800000000, ArchiveRelocationMode: 1.
Narrow klass base: 0x0000000000000000, Narrow klass shift: 0, Narrow klass range: 0x0

GC Precious Log:
 CardTable entry size: 512
 Card Set container configuration: InlinePtr #cards 4 size 8 Array Of Cards #cards 32 size 80 Howl #buckets 8 coarsen threshold 7372 Howl Bitmap #cards 1024 size 144 coarsen threshold 921 Card regions per heap region 1 cards per card region 8192

Heap:
 garbage-first heap   total 0K, used 0K [0x0000000601000000, 0x0000000800000000)
  region size 4096K, 0 young (0K), 0 survivors (0K)

[error occurred during error reporting (printing heap information), id 0xc0000005, EXCEPTION_ACCESS_VIOLATION (0xc0000005) at pc=0x00007ff89a22afd9]
GC Heap History (0 events):
No events

Dll operation events (1 events):
Event: 0.036 Loaded shared library C:\Program Files\Java\jdk-21.0.11\bin\java.dll

Deoptimization events (0 events):
No events

Classes loaded (0 events):
No events

Classes unloaded (0 events):
No events

Classes redefined (0 events):
No events

Internal exceptions (0 events):
No events

ZGC Phase Switch (0 events):
No events

VM Operations (0 events):
No events

Events (0 events):
No events


Dynamic libraries:
0x00007ff6af430000 - 0x00007ff6af440000 	C:\Program Files\Java\jdk-21.0.11\bin\java.exe
0x00007ff9a0c20000 - 0x00007ff9a0e87000 	C:\WINDOWS\SYSTEM32\ntdll.dll
0x00007ff99fa70000 - 0x00007ff99fb39000 	C:\WINDOWS\System32\KERNEL32.DLL
0x00007ff99d860000 - 0x00007ff99dc57000 	C:\WINDOWS\System32\KERNELBASE.dll
0x00007ff99d710000 - 0x00007ff99d85b000 	C:\WINDOWS\System32\ucrtbase.dll
0x00007ff98c530000 - 0x00007ff98c549000 	C:\Program Files\Java\jdk-21.0.11\bin\jli.dll
0x00007ff99ee90000 - 0x00007ff99ef46000 	C:\WINDOWS\System32\ADVAPI32.dll
0x00007ff99ebc0000 - 0x00007ff99ec69000 	C:\WINDOWS\System32\msvcrt.dll
0x00007ff99ea10000 - 0x00007ff99eab7000 	C:\WINDOWS\System32\sechost.dll
0x00007ff99f3c0000 - 0x00007ff99f4d8000 	C:\WINDOWS\System32\RPCRT4.dll
0x00007ff981a30000 - 0x00007ff981a4e000 	C:\Program Files\Java\jdk-21.0.11\bin\VCRUNTIME140.dll
0x00007ff99ec70000 - 0x00007ff99ee36000 	C:\WINDOWS\System32\USER32.dll
0x00007ff99dc60000 - 0x00007ff99dc87000 	C:\WINDOWS\System32\win32u.dll
0x00007ff99ee50000 - 0x00007ff99ee7b000 	C:\WINDOWS\System32\GDI32.dll
0x00007ff97e830000 - 0x00007ff97eac2000 	C:\WINDOWS\WinSxS\amd64_microsoft.windows.common-controls_6595b64144ccf1df_6.0.26100.8457_none_3e0b2faee331e92d\COMCTL32.dll
0x00007ff99e870000 - 0x00007ff99e99c000 	C:\WINDOWS\System32\gdi32full.dll
0x00007ff99df50000 - 0x00007ff99dff3000 	C:\WINDOWS\System32\msvcp_win.dll
0x00007ff991610000 - 0x00007ff99161b000 	C:\WINDOWS\SYSTEM32\VERSION.dll
0x00007ff9a0290000 - 0x00007ff9a02c2000 	C:\WINDOWS\System32\IMM32.DLL
0x00007ff998e60000 - 0x00007ff998e6c000 	C:\Program Files\Java\jdk-21.0.11\bin\vcruntime140_1.dll
0x00007ff977450000 - 0x00007ff9774dd000 	C:\Program Files\Java\jdk-21.0.11\bin\msvcp140.dll
0x00007ff899b00000 - 0x00007ff89a828000 	C:\Program Files\Java\jdk-21.0.11\bin\server\jvm.dll
0x00007ff9a03d0000 - 0x00007ff9a0450000 	C:\WINDOWS\System32\WS2_32.dll
0x00007ff99d4d0000 - 0x00007ff99d52e000 	C:\WINDOWS\SYSTEM32\POWRPROF.dll
0x00007ff992870000 - 0x00007ff9928a6000 	C:\WINDOWS\SYSTEM32\WINMM.dll
0x00007ff99d4b0000 - 0x00007ff99d4c4000 	C:\WINDOWS\SYSTEM32\UMPDC.dll
0x00007ff99c3a0000 - 0x00007ff99c3bb000 	C:\WINDOWS\SYSTEM32\kernel.appcore.dll
0x00007ff981540000 - 0x00007ff98154a000 	C:\Program Files\Java\jdk-21.0.11\bin\jimage.dll
0x00007ff991d90000 - 0x00007ff991fd2000 	C:\WINDOWS\SYSTEM32\DBGHELP.DLL
0x00007ff99f030000 - 0x00007ff99f3b3000 	C:\WINDOWS\System32\combase.dll
0x00007ff99fda0000 - 0x00007ff99fe79000 	C:\WINDOWS\System32\OLEAUT32.dll
0x00007ff985090000 - 0x00007ff9850cb000 	C:\WINDOWS\SYSTEM32\dbgcore.DLL
0x00007ff99de10000 - 0x00007ff99deb8000 	C:\WINDOWS\System32\bcryptPrimitives.dll
0x00007ff980710000 - 0x00007ff980731000 	C:\Program Files\Java\jdk-21.0.11\bin\java.dll

dbghelp: loaded successfully - version: 4.0.5 - missing functions: none
symbol engine: initialized successfully - sym options: 0x614 - pdb path: .;C:\Program Files\Java\jdk-21.0.11\bin;C:\WINDOWS\SYSTEM32;C:\WINDOWS\WinSxS\amd64_microsoft.windows.common-controls_6595b64144ccf1df_6.0.26100.8457_none_3e0b2faee331e92d;C:\Program Files\Java\jdk-21.0.11\bin\server

VM Arguments:
jvm_args: -ea -XX:+ShowCodeDetailsInExceptionMessages -Dfile.encoding=UTF-8 
java_command: org.eclipse.jdt.internal.junit.runner.RemoteTestRunner -version 3 -port 61670 -testLoaderClass org.eclipse.jdt.internal.junit6.runner.JUnit6TestLoader -loaderpluginname org.eclipse.jdt.junit6.runtime -testNameFile C:\Users\ivanl\AppData\Local\Temp\testNames6223548790673366493.txt
java_class_path (initial): d:\proyectos\InovaTech\equipos\target\test-classes;d:\proyectos\InovaTech\equipos\target\classes;c:\Users\ivanl\.m2\repository\org\springframework\boot\spring-boot-starter-data-jpa\4.0.5\spring-boot-starter-data-jpa-4.0.5.jar;c:\Users\ivanl\.m2\repository\org\springframework\boot\spring-boot-starter\4.0.5\spring-boot-starter-4.0.5.jar;c:\Users\ivanl\.m2\repository\org\springframework\boot\spring-boot-starter-logging\4.0.5\spring-boot-starter-logging-4.0.5.jar;c:\Users\ivanl\.m2\repository\ch\qos\logback\logback-classic\1.5.32\logback-classic-1.5.32.jar;c:\Users\ivanl\.m2\repository\ch\qos\logback\logback-core\1.5.32\logback-core-1.5.32.jar;c:\Users\ivanl\.m2\repository\org\apache\logging\log4j\log4j-to-slf4j\2.25.3\log4j-to-slf4j-2.25.3.jar;c:\Users\ivanl\.m2\repository\org\apache\logging\log4j\log4j-api\2.25.3\log4j-api-2.25.3.jar;c:\Users\ivanl\.m2\repository\org\slf4j\jul-to-slf4j\2.0.17\jul-to-slf4j-2.0.17.jar;c:\Users\ivanl\.m2\repository\org\springframework\boot\spring-boot-autoconfigure\4.0.5\spring-boot-autoconfigure-4.0.5.jar;c:\Users\ivanl\.m2\repository\jakarta\annotation\jakarta.annotation-api\3.0.0\jakarta.annotation-api-3.0.0.jar;c:\Users\ivanl\.m2\repository\org\yaml\snakeyaml\2.5\snakeyaml-2.5.jar;c:\Users\ivanl\.m2\repository\org\springframework\boot\spring-boot-starter-jdbc\4.0.5\spring-boot-starter-jdbc-4.0.5.jar;c:\Users\ivanl\.m2\repository\com\zaxxer\HikariCP\7.0.2\HikariCP-7.0.2.jar;c:\Users\ivanl\.m2\repository\org\springframework\boot\spring-boot-data-jpa\4.0.5\spring-boot-data-jpa-4.0.5.jar;c:\Users\ivanl\.m2\repository\org\springframework\boot\spring-boot-data-commons\4.0.5\spring-boot-data-commons-4.0.5.jar;c:\Users\ivanl\.m2\repository\org\springframework\boot\spring-boot-persistence\4.0.5\spring-boot-persistence-4.0.5.jar;c:\Users\ivanl\.m2\repository\org\springframework\data\spring-data-commons\4.0.4\spring-data-commons-4.0.4.jar;c:\Users\ivanl\.m2\repository\org\springframework\boot\spring-boot-hibernate\4.0.5\spring-boot-hibernate-4.0.5.jar;c:\Users\ivanl\.m2\repository\org\springframework\boot\spring-boot-jpa\4.0.5\spring-boot-jpa-4.0.5.jar;c:\Users\ivanl\.m2\repository\jakarta\persistence\jakarta.persistence-api\3.2.0\jakarta.persistence-api-3.2.0.jar;c:\Users\ivanl\.m2\repository\org\hibernate\orm\hibernate-core\7.2.7.Final\hibernate-core-7.2.7.Final.jar;c:\Users\ivanl\.m2\repository\jakarta\transaction\jakarta.transaction-api\2.0.1\jakarta.transaction-api-2.0.1.jar;c:\Users\ivanl\.m2\repository\org\jboss\logging\jboss-logging\3.6.3.Final\jboss-logging-3.6.3.Final.jar;c:\Users\ivanl\.m2\repository\org\hibernate\models\hibernate-models\1.0.1\hibernate-models-1.0.1.jar;c:\Users\ivanl\.m2\repository\com\fasterxml\classmate\1.7.3\classmate-1.7.3.jar;c:\Users\ivanl\.m2\repository\org\glassfish\jaxb\jaxb-runtime\4.0.6\jaxb-runtime-4.0.6.jar;c:\Users\ivanl\.m2\repository\org\glassfish\jaxb\jaxb-core\4.0.6\jaxb-core-4.0.6.jar;c:\Users\ivanl\.m2\repository\org\eclipse\angus\angus-activation\2.0.3\angus-activation-2.0.3.jar;c:\Users\ivanl\.m2\repository\org\glassfish\jaxb\txw2\4.0.6\txw2-4.0.6.jar;c:\Users\ivanl\.m2\repository\com\sun\istack\istack-commons-runtime\4.1.2\istack-commons-runtime-4.1.2.jar;c:\Users\ivanl\.m2\repository\org\springframework\spring-orm\7.0.6\spring-orm-7.0.6.jar;c:\Users\ivanl\.m2\repository\org\springframework\data\spring-data-jpa\4.0.4\spring-data-jpa-4.0.4.jar;c:\Users\ivanl\.m2\repository\org\springframework\spring-context\7.0.6\spring-context-7.0.6.jar;c:\Users\ivanl\.m2\repository\org\springframework\spring-aop\7.0.6\spring-aop-7.0.6.jar;c:\Users\ivanl\.m2\repository\org\springframework\spring-tx\7.0.6\spring-tx-7.0.6.jar;c:\Users\ivanl\.m2\repository\org\antlr\antlr4-runtime\4.13.2\antlr4-runtime-4.13.2.jar;c:\Users\ivanl\.m2\repository\org\springframework\spring-aspects\7.0.6\spring-aspects-7.0.6.jar;c:\Users\ivanl\.m2\repository\org\aspectj\aspectjweaver\1.9.25.1\aspectjweaver-1.9.25.1.jar;c:\Users\ivanl\.m2\repository\org\springframework\boot\spring-boot-jdbc\4.0.5\spring-boot-jdbc-4.0.5.jar;c:\Users\ivanl\.m2\repository\org\springframework\boot\spring-boot\4.0.5\spring-boot-4.0.5.jar;c:\Users\ivanl\.m2\repository\org\springframework\boot\spring-boot-sql\4.0.5\spring-boot-sql-4.0.5.jar;c:\Users\ivanl\.m2\repository\org\springframework\boot\spring-boot-transaction\4.0.5\spring-boot-transaction-4.0.5.jar;c:\Users\ivanl\.m2\repository\org\springframework\spring-jdbc\7.0.6\spring-jdbc-7.0.6.jar;c:\Users\ivanl\.m2\repository\org\springframework\boot\spring-boot-starter-webmvc\4.0.5\spring-boot-starter-webmvc-4.0.5.jar;c:\Users\ivanl\.m2\repository\org\springframework\boot\spring-boot-starter-jackson\4.0.5\spring-boot-starter-jackson-4.0.5.jar;c:\Users\ivanl\.m2\repository\org\springframework\boot\spring-boot-jackson\4.0.5\spring-boot-jackson-4.0.5.jar;c:\Users\ivanl\.m2\repository\tools\jackson\core\jackson-databind\3.1.0\jackson-databind-3.1.0.jar;c:\Users\ivanl\.m2\repository\tools\jackson\core\jackson-core\3.1.0\jackson-core-3.1.0.jar;c:\Users\ivanl\.m2\repository\org\springframework\boot\spring-boot-starter-tomcat\4.0.5\spring-boot-starter-tomcat-4.0.5.jar;c:\Users\ivanl\.m2\repository\org\springframework\boot\spring-boot-starter-tomcat-runtime\4.0.5\spring-boot-starter-tomcat-runtime-4.0.5.jar;c:\Users\ivanl\.m2\repository\org\springframework\boot\spring-boot-web-server\4.0.5\spring-boot-web-server-4.0.5.jar;c:\Users\ivanl\.m2\repository\org\apache\tomcat\embed\tomcat-embed-core\11.0.20\tomcat-embed-core-11.0.20.jar;c:\Users\ivanl\.m2\repository\org\apache\tomcat\embed\tomcat-embed-el\11.0.20\tomcat-embed-el-11.0.20.jar;c:\Users\ivanl\.m2\repository\org\apache\tomcat\embed\tomcat-embed-websocket\11.0.20\tomcat-embed-websocket-11.0.20.jar;c:\Users\ivanl\.m2\repository\org\springframework\boot\spring-boot-tomcat\4.0.5\spring-boot-tomcat-4.0.5.jar;c:\Users\ivanl\.m2\repository\org\springframework\boot\spring-boot-http-converter\4.0.5\spring-boot-http-converter-4.0.5.jar;c:\Users\ivanl\.m2\repository\org\springframework\boot\spring-boot-webmvc\4.0.5\spring-boot-webmvc-4.0.5.jar;c:\Users\ivanl\.m2\repository\org\springframework\boot\spring-boot-servlet\4.0.5\spring-boot-servlet-4.0.5.jar;c:\Users\ivanl\.m2\repository\org\springframework\spring-webmvc\7.0.6\spring-webmvc-7.0.6.jar;c:\Users\ivanl\.m2\repository\org\springframework\spring-expression\7.0.6\spring-expression-7.0.6.jar;c:\Users\ivanl\.m2\repository\org\springframework\cloud\spring-cloud-starter-netflix-eureka-client\5.0.1\spring-cloud-starter-netflix-eureka-client-5.0.1.jar;c:\Users\ivanl\.m2\repository\org\springframework\cloud\spring-cloud-starter\5.0.1\spring-cloud-starter-5.0.1.jar;c:\Users\ivanl\.m2\repository\org\springframework\cloud\spring-cloud-context\5.0.1\spring-cloud-context-5.0.1.jar;c:\Users\ivanl\.m2\repository\org\springframework\boot\spring-boot-restclient\4.0.5\spring-boot-restclient-4.0.5.jar;c:\Users\ivanl\.m2\repository\org\springframework\boot\spring-boot-http-client\4.0.5\spring-boot-http-client-4.0.5.jar;c:\Users\ivanl\.m2\repository\org\bouncycastle\bcprov-jdk18on\1.81\bcprov-jdk18on-1.81.jar;c:\Users\ivanl\.m2\repository\org\springframework\cloud\spring-cloud-netflix-eureka-client\5.0.1\spring-cloud-netflix-eureka-client-5.0.1.jar;c:\Users\ivanl\.m2\repository\org\springframework\boot\spring-boot-jackson2\4.0.5\spring-boot-jackson2-4.0.5.jar;c:\Users\ivanl\.m2\repository\com\fasterxml\jackson\datatype\jackson-datatype-jdk8\2.21.2\jackson-datatype-jdk8-2.21.2.jar;c:\Users\ivanl\.m2\repository\com\fasterxml\jackson\datatype\jackson-datatype-jsr310\2.21.2\jackson-datatype-jsr310-2.21.2.jar;c:\Users\ivanl\.m2\repository\com\fasterxml\jackson\module\jackson-module-parameter-names\2.21.2\jackson-module-parameter-names-2.21.2.jar;c:\Users\ivanl\.m2\repository\org\apache\httpcomponents\client5\httpclient5\5.5.2\httpclient5-5.5.2.jar;c:\Users\ivanl\.m2\repository\org\apache\httpcomponents\core5\httpcore5\5.3.6\httpcore5-5.3.6.jar;c:\Users\ivanl\.m2\repository\org\apache\httpcomponents\core5\httpcore5-h2\5.3.6\httpcore5-h2-5.3.6.jar;c:\Users\ivanl\.m2\repository\com\netflix\eureka\eureka-client\2.0.5\eureka-client-2.0.5.jar;c:\Users\ivanl\.m2\repository\com\thoughtworks\xstream\xstream\1.4.21\xstream-1.4.21.jar;c:\Users\ivanl\.m2\repository\io\github\x-stream\mxparser\1.2.2\mxparser-1.2.2.jar;c:\Users\ivanl\.m2\repository\xmlpull\xmlpull\1.1.3.1\xmlpull-1.1.3.1.jar;c:\Users\ivanl\.m2\repository\jakarta\ws\rs\jakarta.ws.rs-api\4.0.0\jakarta.ws.rs-api-4.0.0.jar;c:\Users\ivanl\.m2\repository\jakarta\inject\jakarta.inject-api\2.0.1\jakarta.inject-api-2.0.1.jar;c:\Users\ivanl\.m2\repository\com\netflix\spectator\spectator-api\1.7.3\spectator-api-1.7.3.jar;c:\Users\ivanl\.m2\repository\org\slf4j\slf4j-api\2.0.17\slf4j-api-2.0.17.jar;c:\Users\ivanl\.m2\repository\org\apache\httpcomponents\httpclient\4.5.3\httpclient-4.5.3.jar;c:\Users\ivanl\.m2\repository\org\apache\httpcomponents\httpcore\4.4.16\httpcore-4.4.16.jar;c:\Users\ivanl\.m2\repository\commons-codec\commons-codec\1.19.0\commons-codec-1.19.0.jar;c:\Users\ivanl\.m2\repository\commons-configuration\commons-configuration\1.10\commons-configuration-1.10.jar;c:\Users\ivanl\.m2\repository\commons-lang\commons-lang\2.6\commons-lang-2.6.jar;c:\Users\ivanl\.m2\repository\com\fasterxml\jackson\core\jackson-annotations\2.21\jackson-annotations-2.21.jar;c:\Users\ivanl\.m2\repository\com\fasterxml\jackson\core\jackson-core\2.21.2\jackson-core-2.21.2.jar;c:\Users\ivanl\.m2\repository\com\fasterxml\jackson\core\jackson-databind\2.21.2\jackson-databind-2.21.2.jar;c:\Users\ivanl\.m2\repository\com\netflix\netflix-commons\netflix-eventbus\0.3.0\netflix-eventbus-0.3.0.jar;c:\Users\ivanl\.m2\repository\com\netflix\netflix-commons\netflix-infix\0.3.0\netflix-infix-0.3.0.jar;c:\Users\ivanl\.m2\repository\commons-jxpath\commons-jxpath\1.3\commons-jxpath-1.3.jar;c:\Users\ivanl\.m2\repository\joda-time\joda-time\2.3\joda-time-2.3.jar;c:\Users\ivanl\.m2\repository\org\antlr\antlr-runtime\3.4\antlr-runtime-3.4.jar;c:\Users\ivanl\.m2\repository\org\antlr\stringtemplate\3.2.1\stringtemplate-3.2.1.jar;c:\Users\ivanl\.m2\repository\antlr\antlr\2.7.7\antlr-2.7.7.jar;c:\Users\ivanl\.m2\repository\com\google\code\gson\gson\2.13.2\gson-2.13.2.jar;c:\Users\ivanl\.m2\repository\com\google\errorprone\error_prone_annotations\2.41.0\error_prone_annotations-2.41.0.jar;c:\Users\ivanl\.m2\repository\com\netflix\servo\servo-core\0.5.3\servo-core-0.5.3.jar;c:\Users\ivanl\.m2\repository\org\apache\commons\commons-math\2.2\commons-math-2.2.jar;c:\Users\ivanl\.m2\repository\javax\annotation\javax.annotation-api\1.2\javax.annotation-api-1.2.jar;c:\Users\ivanl\.m2\repository\org\codehaus\jettison\jettison\1.5.4\jettison-1.5.4.jar;c:\Users\ivanl\.m2\repository\org\springframework\cloud\spring-cloud-starter-loadbalancer\5.0.1\spring-cloud-starter-loadbalancer-5.0.1.jar;c:\Users\ivanl\.m2\repository\org\springframework\cloud\spring-cloud-loadbalancer\5.0.1\spring-cloud-loadbalancer-5.0.1.jar;c:\Users\ivanl\.m2\repository\io\projectreactor\reactor-core\3.8.4\reactor-core-3.8.4.jar;c:\Users\ivanl\.m2\repository\org\reactivestreams\reactive-streams\1.0.4\reactive-streams-1.0.4.jar;c:\Users\ivanl\.m2\repository\io\projectreactor\addons\reactor-extra\3.6.0\reactor-extra-3.6.0.jar;c:\Users\ivanl\.m2\repository\org\springframework\boot\spring-boot-starter-cache\4.0.5\spring-boot-starter-cache-4.0.5.jar;c:\Users\ivanl\.m2\repository\org\springframework\boot\spring-boot-cache\4.0.5\spring-boot-cache-4.0.5.jar;c:\Users\ivanl\.m2\repository\org\springframework\spring-context-support\7.0.6\spring-context-support-7.0.6.jar;c:\Users\ivanl\.m2\repository\com\stoyanr\evictor\1.0.0\evictor-1.0.0.jar;c:\Users\ivanl\.m2\repository\org\springdoc\springdoc-openapi-starter-webmvc-ui\2.5.0\springdoc-openapi-starter-webmvc-ui-2.5.0.jar;c:\Users\ivanl\.m2\repository\org\springdoc\springdoc-openapi-starter-webmvc-api\2.5.0\springdoc-openapi-starter-webmvc-api-2.5.0.jar;c:\Users\ivanl\.m2\repository\org\springdoc\springdoc-openapi-starter-common\2.5.0\springdoc-openapi-starter-common-2.5.0.jar;c:\Users\ivanl\.m2\repository\io\swagger\core\v3\swagger-core-jakarta\2.2.21\swagger-core-jakarta-2.2.21.jar;c:\Users\ivanl\.m2\repository\org\apache\commons\commons-lang3\3.19.0\commons-lang3-3.19.0.jar;c:\Users\ivanl\.m2\repository\io\swagger\core\v3\swagger-annotations-jakarta\2.2.21\swagger-annotations-jakarta-2.2.21.jar;c:\Users\ivanl\.m2\repository\io\swagger\core\v3\swagger-models-jakarta\2.2.21\swagger-models-jakarta-2.2.21.jar;c:\Users\ivanl\.m2\repository\jakarta\validation\jakarta.validation-api\3.1.1\jakarta.validation-api-3.1.1.jar;c:\Users\ivanl\.m2\repository\com\fasterxml\jackson\dataformat\jackson-dataformat-yaml\2.21.2\jackson-dataformat-yaml-2.21.2.jar;c:\Users\ivanl\.m2\repository\org\webjars\swagger-ui\5.13.0\swagger-ui-5.13.0.jar;c:\Users\ivanl\.m2\repository\org\springframework\boot\spring-boot-starter-test\4.0.5\spring-boot-starter-test-4.0.5.jar;c:\Users\ivanl\.m2\repository\org\springframework\boot\spring-boot-test\4.0.5\spring-boot-test-4.0.5.jar;c:\Users\ivanl\.m2\repository\org\springframework\boot\spring-boot-test-autoconfigure\4.0.5\spring-boot-test-autoconfigure-4.0.5.jar;c:\Users\ivanl\.m2\repository\com\jayway\jsonpath\json-path\2.10.0\json-path-2.10.0.jar;c:\Users\ivanl\.m2\repository\jakarta\xml\bind\jakarta.xml.bind-api\4.0.4\jakarta.xml.bind-api-4.0.4.jar;c:\Users\ivanl\.m2\repository\jakarta\activation\jakarta.activation-api\2.1.4\jakarta.activation-api-2.1.4.jar;c:\Users\ivanl\.m2\repository\net\minidev\json-smart\2.6.0\json-smart-2.6.0.jar;c:\Users\ivanl\.m2\repository\net\minidev\accessors-smart\2.6.0\accessors-smart-2.6.0.jar;c:\Users\ivanl\.m2\repository\org\ow2\asm\asm\9.7.1\asm-9.7.1.jar;c:\Users\ivanl\.m2\repository\org\assertj\assertj-core\3.27.7\assertj-core-3.27.7.jar;c:\Users\ivanl\.m2\repository\net\bytebuddy\byte-buddy\1.17.8\byte-buddy-1.17.8.jar;c:\Users\ivanl\.m2\repository\org\awaitility\awaitility\4.3.0\awaitility-4.3.0.jar;c:\Users\ivanl\.m2\repository\org\hamcrest\hamcrest\3.0\hamcrest-3.0.jar;c:\Users\ivanl\.m2\repository\org\junit\jupiter\junit-jupiter\6.0.3\junit-jupiter-6.0.3.jar;c:\Users\ivanl\.m2\repository\org\junit\jupiter\junit-jupiter-api\6.0.3\junit-jupiter-api-6.0.3.jar;c:\Users\ivanl\.m2\repository\org\opentest4j\opentest4j\1.3.0\opentest4j-1.3.0.jar;c:\Users\ivanl\.m2\repository\org\junit\platform\junit-platform-commons\6.0.3\junit-platform-commons-6.0.3.jar;c:\Users\ivanl\.m2\repository\org\apiguardian\apiguardian-api\1.1.2\apiguardian-api-1.1.2.jar;c:\Users\ivanl\.m2\repository\org\junit\jupiter\junit-jupiter-params\6.0.3\junit-jupiter-params-6.0.3.jar;c:\Users\ivanl\.m2\repository\org\junit\jupiter\junit-jupiter-engine\6.0.3\junit-jupiter-engine-6.0.3.jar;c:\Users\ivanl\.m2\repository\org\junit\platform\junit-platform-engine\6.0.3\junit-platform-engine-6.0.3.jar;c:\Users\ivanl\.m2\repository\org\mockito\mockito-core\5.20.0\mockito-core-5.20.0.jar;c:\Users\ivanl\.m2\repository\net\bytebuddy\byte-buddy-agent\1.17.8\byte-buddy-agent-1.17.8.jar;c:\Users\ivanl\.m2\repository\org\objenesis\objenesis\3.3\objenesis-3.3.jar;c:\Users\ivanl\.m2\repository\org\mockito\mockito-junit-jupiter\5.20.0\mockito-junit-jupiter-5.20.0.jar;c:\Users\ivanl\.m2\repository\org\skyscreamer\jsonassert\1.5.3\jsonassert-1.5.3.jar;c:\Users\ivanl\.m2\repository\com\vaadin\external\google\android-json\0.0.20131108.vaadin1\android-json-0.0.20131108.vaadin1.jar;c:\Users\ivanl\.m2\repository\org\springframework\spring-core\7.0.6\spring-core-7.0.6.jar;c:\Users\ivanl\.m2\repository\commons-logging\commons-logging\1.3.6\commons-logging-1.3.6.jar;c:\Users\ivanl\.m2\repository\org\jspecify\jspecify\1.0.0\jspecify-1.0.0.jar;c:\Users\ivanl\.m2\repository\org\springframework\spring-test\7.0.6\spring-test-7.0.6.jar;c:\Users\ivanl\.m2\repository\org\xmlunit\xmlunit-core\2.10.4\xmlunit-core-2.10.4.jar;c:\Users\ivanl\.m2\repository\org\springframework\boot\spring-boot-starter-amqp\4.0.5\spring-boot-starter-amqp-4.0.5.jar;c:\Users\ivanl\.m2\repository\org\springframework\boot\spring-boot-amqp\4.0.5\spring-boot-amqp-4.0.5.jar;c:\Users\ivanl\.m2\repository\org\springframework\spring-messaging\7.0.6\spring-messaging-7.0.6.jar;c:\Users\ivanl\.m2\repository\org\springframework\amqp\spring-rabbit\4.0.2\spring-rabbit-4.0.2.jar;c:\Users\ivanl\.m2\repository\org\springframework\amqp\spring-amqp\4.0.2\spring-amqp-4.0.2.jar;c:\Users\ivanl\.m2\repository\com\rabbitmq\amqp-client\5.27.1\amqp-client-5.27.1.jar;c:\Users\ivanl\.m2\repository\io\netty\netty-transport\4.2.12.Final\netty-transport-4.2.12.Final.jar;c:\Users\ivanl\.m2\repository\io\netty\netty-common\4.2.12.Final\netty-common-4.2.12.Final.jar;c:\Users\ivanl\.m2\repository\io\netty\netty-buffer\4.2.12.Final\netty-buffer-4.2.12.Final.jar;c:\Users\ivanl\.m2\repository\io\netty\netty-resolver\4.2.12.Final\netty-resolver-4.2.12.Final.jar;c:\Users\ivanl\.m2\repository\io\netty\netty-codec\4.2.12.Final\netty-codec-4.2.12.Final.jar;c:\Users\ivanl\.m2\repository\io\netty\netty-codec-base\4.2.12.Final\netty-codec-base-4.2.12.Final.jar;c:\Users\ivanl\.m2\repository\io\netty\netty-codec-compression\4.2.12.Final\netty-codec-compression-4.2.12.Final.jar;c:\Users\ivanl\.m2\repository\io\netty\netty-codec-protobuf\4.2.12.Final\netty-codec-protobuf-4.2.12.Final.jar;c:\Users\ivanl\.m2\repository\io\netty\netty-codec-marshalling\4.2.12.Final\netty-codec-marshalling-4.2.12.Final.jar;c:\Users\ivanl\.m2\repository\io\netty\netty-handler\4.2.12.Final\netty-handler-4.2.12.Final.jar;c:\Users\ivanl\.m2\repository\io\netty\netty-transport-native-unix-common\4.2.12.Final\netty-transport-native-unix-common-4.2.12.Final.jar;c:\Users\ivanl\.m2\repository\com\mysql\mysql-connector-j\9.6.0\mysql-connector-j-9.6.0.jar;c:\Users\ivanl\.m2\repository\org\springframework\cloud\spring-cloud-starter-openfeign\5.0.1\spring-cloud-starter-openfeign-5.0.1.jar;c:\Users\ivanl\.m2\repository\org\springframework\cloud\spring-cloud-openfeign-core\5.0.1\spring-cloud-openfeign-core-5.0.1.jar;c:\Users\ivanl\.m2\repository\io\github\openfeign\feign-form-spring\13.6\feign-form-spring-13.6.jar;c:\Users\ivanl\.m2\repository\org\apache\commons\commons-text\1.13.0\commons-text-1.13.0.jar;c:\Users\ivanl\.m2\repository\io\github\openfeign\feign-form\13.6\feign-form-13.6.jar;c:\Users\ivanl\.m2\repository\commons-fileupload\commons-fileupload\1.5\commons-fileupload-1.5.jar;c:\Users\ivanl\.m2\repository\org\springframework\spring-web\7.0.6\spring-web-7.0.6.jar;c:\Users\ivanl\.m2\repository\org\springframework\spring-beans\7.0.6\spring-beans-7.0.6.jar;c:\Users\ivanl\.m2\repository\io\micrometer\micrometer-observation\1.16.4\micrometer-observation-1.16.4.jar;c:\Users\ivanl\.m2\repository\io\micrometer\micrometer-commons\1.16.4\micrometer-commons-1.16.4.jar;c:\Users\ivanl\.m2\repository\org\springframework\cloud\spring-cloud-commons\5.0.1\spring-cloud-commons-5.0.1.jar;c:\Users\ivanl\.m2\repository\org\springframework\security\spring-security-crypto\7.0.4\spring-security-crypto-7.0.4.jar;c:\Users\ivanl\.m2\repository\io\github\openfeign\feign-core\13.6\feign-core-13.6.jar;c:\Users\ivanl\.m2\repository\io\github\openfeign\feign-slf4j\13.6\feign-slf4j-13.6.jar;c:\Users\ivanl\.m2\repository\org\projectlombok\lombok\1.18.44\lombok-1.18.44.jar;c:\Users\ivanl\.m2\repository\org\springframework\cloud\spring-cloud-starter-circuitbreaker-resilience4j\5.0.1\spring-cloud-starter-circuitbreaker-resilience4j-5.0.1.jar;c:\Users\ivanl\.m2\repository\org\springframework\cloud\spring-cloud-circuitbreaker-resilience4j\5.0.1\spring-cloud-circuitbreaker-resilience4j-5.0.1.jar;c:\Users\ivanl\.m2\repository\io\github\resilience4j\resilience4j-spring-boot3\2.3.0\resilience4j-spring-boot3-2.3.0.jar;c:\Users\ivanl\.m2\repository\io\github\resilience4j\resilience4j-spring6\2.3.0\resilience4j-spring6-2.3.0.jar;c:\Users\ivanl\.m2\repository\io\github\resilience4j\resilience4j-annotations\2.3.0\resilience4j-annotations-2.3.0.jar;c:\Users\ivanl\.m2\repository\io\github\resilience4j\resilience4j-consumer\2.3.0\resilience4j-consumer-2.3.0.jar;c:\Users\ivanl\.m2\repository\io\github\resilience4j\resilience4j-circularbuffer\2.3.0\resilience4j-circularbuffer-2.3.0.jar;c:\Users\ivanl\.m2\repository\io\github\resilience4j\resilience4j-framework-common\2.3.0\resilience4j-framework-common-2.3.0.jar;c:\Users\ivanl\.m2\repository\io\github\resilience4j\resilience4j-micrometer\2.3.0\resilience4j-micrometer-2.3.0.jar;c:\Users\ivanl\.m2\repository\io\micrometer\micrometer-core\1.16.4\micrometer-core-1.16.4.jar;c:\Users\ivanl\.m2\repository\org\hdrhistogram\HdrHistogram\2.2.2\HdrHistogram-2.2.2.jar;c:\Users\ivanl\.m2\repository\org\latencyutils\LatencyUtils\2.0.3\LatencyUtils-2.0.3.jar;c:\Users\ivanl\.m2\repository\io\github\resilience4j\resilience4j-retry\2.3.0\resilience4j-retry-2.3.0.jar;c:\Users\ivanl\.m2\repository\io\github\resilience4j\resilience4j-ratelimiter\2.3.0\resilience4j-ratelimiter-2.3.0.jar;c:\Users\ivanl\.m2\repository\org\springframework\boot\spring-boot-configuration-processor\4.0.5\spring-boot-configuration-processor-4.0.5.jar;c:\Users\ivanl\.m2\repository\io\github\resilience4j\resilience4j-circuitbreaker\2.3.0\resilience4j-circuitbreaker-2.3.0.jar;c:\Users\ivanl\.m2\repository\io\github\resilience4j\resilience4j-core\2.3.0\resilience4j-core-2.3.0.jar;c:\Users\ivanl\.m2\repository\org\jetbrains\kotlin\kotlin-stdlib-jdk8\2.2.21\kotlin-stdlib-jdk8-2.2.21.jar;c:\Users\ivanl\.m2\repository\org\jetbrains\kotlin\kotlin-stdlib\2.2.21\kotlin-stdlib-2.2.21.jar;c:\Users\ivanl\.m2\repository\org\jetbrains\annotations\13.0\annotations-13.0.jar;c:\Users\ivanl\.m2\repository\org\jetbrains\kotlin\kotlin-stdlib-jdk7\2.2.21\kotlin-stdlib-jdk7-2.2.21.jar;c:\Users\ivanl\.m2\repository\io\github\resilience4j\resilience4j-timelimiter\2.3.0\resilience4j-timelimiter-2.3.0.jar;c:\Users\ivanl\AppData\Roaming\Code\User\globalStorage\redhat.java\1.54.0\config_win\org.eclipse.osgi\152\0\.cp;c:\Users\ivanl\AppData\Roaming\Code\User\globalStorage\redhat.java\1.54.0\config_win\org.eclipse.osgi\56\0\.cp;c:\Users\ivanl\AppData\Roaming\Code\User\globalStorage\redhat.java\1.54.0\config_win\org.eclipse.osgi\141\0\.cp
Launcher Type: SUN_STANDARD

[Global flags]
     intx CICompilerCount                          = 12                                        {product} {ergonomic}
     uint ConcGCThreads                            = 3                                         {product} {ergonomic}
     uint G1ConcRefinementThreads                  = 13                                        {product} {ergonomic}
   size_t G1HeapRegionSize                         = 4194304                                   {product} {ergonomic}
    uintx GCDrainStackTargetSize                   = 64                                        {product} {ergonomic}
   size_t InitialHeapSize                          = 536870912                                 {product} {ergonomic}
   size_t MarkStackSize                            = 4194304                                   {product} {ergonomic}
   size_t MaxHeapSize                              = 8573157376                                {product} {ergonomic}
   size_t MinHeapDeltaBytes                        = 4194304                                   {product} {ergonomic}
   size_t MinHeapSize                              = 8388608                                   {product} {ergonomic}
    uintx NonNMethodCodeHeapSize                   = 7602480                                {pd product} {ergonomic}
    uintx NonProfiledCodeHeapSize                  = 122027880                              {pd product} {ergonomic}
    uintx ProfiledCodeHeapSize                     = 122027880                              {pd product} {ergonomic}
    uintx ReservedCodeCacheSize                    = 251658240                              {pd product} {ergonomic}
     bool SegmentedCodeCache                       = true                                      {product} {ergonomic}
     bool ShowCodeDetailsInExceptionMessages       = true                                   {manageable} {command line}
   size_t SoftMaxHeapSize                          = 8573157376                             {manageable} {ergonomic}
     bool UseCompressedOops                        = true                           {product lp64_product} {ergonomic}
     bool UseG1GC                                  = true                                      {product} {ergonomic}
     bool UseLargePagesIndividualAllocation        = false                                  {pd product} {ergonomic}

Logging:
Log output configuration:
 #0: stdout all=warning uptime,level,tags foldmultilines=false
 #1: stderr all=off uptime,level,tags foldmultilines=false

Environment Variables:
JAVA_HOME=C:\Program Files\Java\jdk-25
PATH=C:\Program Files\Common Files\Oracle\Java\javapath;C:\WINDOWS\system32;C:\WINDOWS;C:\WINDOWS\System32\Wbem;C:\WINDOWS\System32\WindowsPowerShell\v1.0\;C:\WINDOWS\System32\OpenSSH\;C:\ProgramData\chocolatey\bin;C:\ProgramData\chocolatey\lib\maven\apache-maven-3.9.11\bin;C:\Program Files\Apache\apache-maven-3.9.5\bin;C:\Program Files\Docker\Docker\resources\bin;C:\Program Files\Git\cmd;C:\Program Files\nodejs\;C:\Users\ivanl\AppData\Local\Programs\Python\Python310\Scripts\;C:\Users\ivanl\AppData\Local\Programs\Python\Python310\;C:\Users\ivanl\AppData\Local\Microsoft\WindowsApps;C:\Users\ivanl\AppData\Local\Programs\Microsoft VS Code\bin;C:\Users\ivanl\AppData\Local\GitHubDesktop\bin;C:\Users\ivanl\AppData\Roaming\npm
USERNAME=ivanl
OS=Windows_NT
PROCESSOR_IDENTIFIER=AMD64 Family 25 Model 33 Stepping 2, AuthenticAMD
TMP=C:\Users\ivanl\AppData\Local\Temp
TEMP=C:\Users\ivanl\AppData\Local\Temp




Periodic native trim disabled

---------------  S Y S T E M  ---------------

OS:
 Windows 11 , 64 bit Build 26100 (10.0.26100.8328)
OS uptime: 2 days 19:08 hours
Hyper-V role detected

CPU: total 16 (initial active 16) (16 cores per cpu, 2 threads per core) family 25 model 33 stepping 2 microcode 0xa20120a, cx8, cmov, fxsr, ht, mmx, 3dnowpref, sse, sse2, sse3, ssse3, sse4a, sse4.1, sse4.2, popcnt, lzcnt, tsc, tscinvbit, avx, avx2, aes, clmul, bmi1, bmi2, adx, sha, fma, vzeroupper, clflush, clflushopt, hv, rdtscp, rdpid, f16c, cet_ss
Processor Information for all 16 processors :
  Max Mhz: 3801, Current Mhz: 3801, Mhz Limit: 3801

Memory: 4k page, system-wide physical 32691M (9356M free)
TotalPageFile size 47712M (AvailPageFile size 444M)
current process WorkingSet (physical memory assigned to process): 13M, peak: 13M
current process commit charge ("private bytes"): 71M, peak: 583M

vm_info: Java HotSpot(TM) 64-Bit Server VM (21.0.11+9-LTS-211) for windows-amd64 JRE (21.0.11+9-LTS-211), built on 2026-03-11T00:23:15Z by "mach5run" with MS VC++ 17.13 (VS2022)

END.
